<?xml version="1.0" encoding="UTF-8"?>
<!-- Generated by org.testng.reporters.JUnitReportReporter -->
<testsuite hostname="DESKTOP-MD15R3S" failures="0" tests="4" name="stepdefinitions.BaseTest" time="5.617" errors="0" timestamp="2024-01-07T19:46:32 IST" skipped="0">
  <testcase classname="stepdefinitions.BaseTest" name="testVerifyTitle" time="3.956"/>
  <testcase classname="stepdefinitions.BaseTest" name="testDropdownSelection" time="0.605"/>
  <testcase classname="stepdefinitions.BaseTest" name="testABTesting" time="0.586"/>
  <testcase classname="stepdefinitions.BaseTest" name="testFramesPage" time="0.470"/>
</testsuite> <!-- stepdefinitions.BaseTest -->
