<?xml version="1.0" encoding="UTF-8"?>
<!-- Generated by org.testng.reporters.JUnitReportReporter -->
<testsuite hostname="DESKTOP-MD15R3S" failures="0" tests="4" name="stepdefinitions.CapstoneStepDefinitions" time="4.731" errors="0" timestamp="2024-01-07T19:45:38 IST" skipped="0">
  <testcase classname="stepdefinitions.CapstoneStepDefinitions" name="testABTesting" time="0.496"/>
  <testcase classname="stepdefinitions.CapstoneStepDefinitions" name="testFramesPage" time="0.537"/>
  <testcase classname="stepdefinitions.CapstoneStepDefinitions" name="testDropdownSelection" time="0.530"/>
  <testcase classname="stepdefinitions.CapstoneStepDefinitions" name="testVerifyTitle" time="3.168"/>
</testsuite> <!-- stepdefinitions.CapstoneStepDefinitions -->
