<?xml version="1.0" encoding="UTF-8"?>
<!-- Generated by org.testng.reporters.JUnitReportReporter -->
<testsuite hostname="DESKTOP-MD15R3S" failures="0" tests="4" name="stepdefinitions.BaseTest" time="21.454" errors="0" timestamp="2024-01-05T21:10:21 IST" skipped="0">
  <testcase classname="stepdefinitions.BaseTest" name="testVerifyTitle" time="18.293"/>
  <testcase classname="stepdefinitions.BaseTest" name="testDropdownSelection" time="1.196"/>
  <testcase classname="stepdefinitions.BaseTest" name="testABTesting" time="0.909"/>
  <testcase classname="stepdefinitions.BaseTest" name="testFramesPage" time="1.056"/>
</testsuite> <!-- stepdefinitions.BaseTest -->
